2026-04-06 00:00:47 [main] INFO  c.l.r.LabRecruitmentApplication - Starting LabRecruitmentApplication using Java 17.0.12 on DESKTOP-BA8OBJV with PID 26092 (C:\Users\cjh\IdeaProjects\labLink\lab\target\classes started by cjh in C:\Users\cjh\IdeaProjects\labLink)
2026-04-06 00:00:47 [main] INFO  c.l.r.LabRecruitmentApplication - No active profile set, falling back to 1 default profile: "default"
2026-04-06 00:00:48 [main] INFO  o.s.b.w.e.tomcat.TomcatWebServer - Tomcat initialized with port(s): 8081 (http)
2026-04-06 00:00:48 [main] INFO  o.a.catalina.core.StandardService - Starting service [Tomcat]
2026-04-06 00:00:48 [main] INFO  o.a.catalina.core.StandardEngine - Starting Servlet engine: [Apache Tomcat/9.0.78]
2026-04-06 00:00:48 [main] INFO  o.a.c.c.C.[Tomcat].[localhost].[/] - Initializing Spring embedded WebApplicationContext
2026-04-06 00:00:48 [main] INFO  o.s.b.w.s.c.ServletWebServerApplicationContext - Root WebApplicationContext: initialization completed in 1107 ms
2026-04-06 00:00:49 [main] INFO  o.s.s.web.DefaultSecurityFilterChain - Will secure any request with [org.springframework.security.web.session.DisableEncodeUrlFilter@70b48eb3, org.springframework.security.web.context.request.async.WebAsyncManagerIntegrationFilter@7b8ea1db, org.springframework.security.web.context.SecurityContextPersistenceFilter@4eeab3e, org.springframework.security.web.header.HeaderWriterFilter@6ac45c0c, org.springframework.web.filter.CorsFilter@a91119b, org.springframework.security.web.authentication.logout.LogoutFilter@231b35fb, com.lab.recruitment.config.JwtAuthenticationFilter@4733f6f5, org.springframework.security.web.savedrequest.RequestCacheAwareFilter@2eb0cefe, org.springframework.security.web.servletapi.SecurityContextHolderAwareRequestFilter@5a2ae1ab, org.springframework.security.web.authentication.AnonymousAuthenticationFilter@77083e41, org.springframework.security.web.session.SessionManagementFilter@7a0ab480, org.springframework.security.web.access.ExceptionTranslationFilter@6b1321b7, org.springframework.security.web.access.intercept.FilterSecurityInterceptor@3cb6e0ee]
2026-04-06 00:00:50 [main] INFO  c.b.m.e.s.MybatisPlusApplicationContextAware - Register ApplicationContext instances org.springframework.boot.web.servlet.context.AnnotationConfigServletWebServerApplicationContext@2049a9c1
2026-04-06 00:00:50 [main] INFO  o.s.b.w.e.tomcat.TomcatWebServer - Tomcat started on port(s): 8081 (http) with context path ''
2026-04-06 00:00:50 [main] INFO  c.l.r.LabRecruitmentApplication - Started LabRecruitmentApplication in 3.143 seconds (JVM running for 3.668)
2026-04-06 00:00:50 [main] INFO  com.zaxxer.hikari.HikariDataSource - HikariPool-1 - Starting...
2026-04-06 00:00:51 [main] ERROR com.zaxxer.hikari.pool.HikariPool - HikariPool-1 - Exception during pool initialization.
java.sql.SQLException: Access denied for user 'root'@'localhost' (using password: YES)
	at com.mysql.cj.jdbc.exceptions.SQLError.createSQLException(SQLError.java:130)
	at com.mysql.cj.jdbc.exceptions.SQLExceptionsMapping.translateException(SQLExceptionsMapping.java:122)
	at com.mysql.cj.jdbc.ConnectionImpl.createNewIO(ConnectionImpl.java:825)
	at com.mysql.cj.jdbc.ConnectionImpl.<init>(ConnectionImpl.java:446)
	at com.mysql.cj.jdbc.ConnectionImpl.getInstance(ConnectionImpl.java:239)
	at com.mysql.cj.jdbc.NonRegisteringDriver.connect(NonRegisteringDriver.java:188)
	at com.zaxxer.hikari.util.DriverDataSource.getConnection(DriverDataSource.java:138)
	at com.zaxxer.hikari.pool.PoolBase.newConnection(PoolBase.java:364)
	at com.zaxxer.hikari.pool.PoolBase.newPoolEntry(PoolBase.java:206)
	at com.zaxxer.hikari.pool.HikariPool.createPoolEntry(HikariPool.java:476)
	at com.zaxxer.hikari.pool.HikariPool.checkFailFast(HikariPool.java:561)
	at com.zaxxer.hikari.pool.HikariPool.<init>(HikariPool.java:115)
	at com.zaxxer.hikari.HikariDataSource.getConnection(HikariDataSource.java:112)
	at org.springframework.jdbc.datasource.DataSourceUtils.fetchConnection(DataSourceUtils.java:160)
	at org.springframework.jdbc.datasource.DataSourceUtils.doGetConnection(DataSourceUtils.java:118)
	at org.springframework.jdbc.datasource.DataSourceUtils.getConnection(DataSourceUtils.java:81)
	at org.springframework.jdbc.core.JdbcTemplate.execute(JdbcTemplate.java:378)
	at org.springframework.jdbc.core.JdbcTemplate.execute(JdbcTemplate.java:436)
	at com.lab.recruitment.config.DatabaseSchemaUpdate.createCollegeTable(DatabaseSchemaUpdate.java:66)
	at com.lab.recruitment.config.DatabaseSchemaUpdate.run(DatabaseSchemaUpdate.java:31)
	at org.springframework.boot.SpringApplication.callRunner(SpringApplication.java:768)
	at org.springframework.boot.SpringApplication.callRunners(SpringApplication.java:752)
	at org.springframework.boot.SpringApplication.run(SpringApplication.java:314)
	at org.springframework.boot.SpringApplication.run(SpringApplication.java:1303)
	at org.springframework.boot.SpringApplication.run(SpringApplication.java:1292)
	at com.lab.recruitment.LabRecruitmentApplication.main(LabRecruitmentApplication.java:11)
2026-04-06 00:00:51 [main] INFO  o.s.b.a.l.ConditionEvaluationReportLoggingListener - 

Error starting ApplicationContext. To display the conditions report re-run your application with 'debug' enabled.
2026-04-06 00:00:51 [main] ERROR o.s.boot.SpringApplication - Application run failed
java.lang.IllegalStateException: Failed to execute CommandLineRunner
	at org.springframework.boot.SpringApplication.callRunner(SpringApplication.java:771)
	at org.springframework.boot.SpringApplication.callRunners(SpringApplication.java:752)
	at org.springframework.boot.SpringApplication.run(SpringApplication.java:314)
	at org.springframework.boot.SpringApplication.run(SpringApplication.java:1303)
	at org.springframework.boot.SpringApplication.run(SpringApplication.java:1292)
	at com.lab.recruitment.LabRecruitmentApplication.main(LabRecruitmentApplication.java:11)
Caused by: org.springframework.jdbc.CannotGetJdbcConnectionException: Failed to obtain JDBC Connection; nested exception is java.sql.SQLException: Access denied for user 'root'@'localhost' (using password: YES)
	at org.springframework.jdbc.datasource.DataSourceUtils.getConnection(DataSourceUtils.java:84)
	at org.springframework.jdbc.core.JdbcTemplate.execute(JdbcTemplate.java:378)
	at org.springframework.jdbc.core.JdbcTemplate.execute(JdbcTemplate.java:436)
	at com.lab.recruitment.config.DatabaseSchemaUpdate.createCollegeTable(DatabaseSchemaUpdate.java:66)
	at com.lab.recruitment.config.DatabaseSchemaUpdate.run(DatabaseSchemaUpdate.java:31)
	at org.springframework.boot.SpringApplication.callRunner(SpringApplication.java:768)
	... 5 common frames omitted
Caused by: java.sql.SQLException: Access denied for user 'root'@'localhost' (using password: YES)
	at com.mysql.cj.jdbc.exceptions.SQLError.createSQLException(SQLError.java:130)
	at com.mysql.cj.jdbc.exceptions.SQLExceptionsMapping.translateException(SQLExceptionsMapping.java:122)
	at com.mysql.cj.jdbc.ConnectionImpl.createNewIO(ConnectionImpl.java:825)
	at com.mysql.cj.jdbc.ConnectionImpl.<init>(ConnectionImpl.java:446)
	at com.mysql.cj.jdbc.ConnectionImpl.getInstance(ConnectionImpl.java:239)
	at com.mysql.cj.jdbc.NonRegisteringDriver.connect(NonRegisteringDriver.java:188)
	at com.zaxxer.hikari.util.DriverDataSource.getConnection(DriverDataSource.java:138)
	at com.zaxxer.hikari.pool.PoolBase.newConnection(PoolBase.java:364)
	at com.zaxxer.hikari.pool.PoolBase.newPoolEntry(PoolBase.java:206)
	at com.zaxxer.hikari.pool.HikariPool.createPoolEntry(HikariPool.java:476)
	at com.zaxxer.hikari.pool.HikariPool.checkFailFast(HikariPool.java:561)
	at com.zaxxer.hikari.pool.HikariPool.<init>(HikariPool.java:115)
	at com.zaxxer.hikari.HikariDataSource.getConnection(HikariDataSource.java:112)
	at org.springframework.jdbc.datasource.DataSourceUtils.fetchConnection(DataSourceUtils.java:160)
	at org.springframework.jdbc.datasource.DataSourceUtils.doGetConnection(DataSourceUtils.java:118)
	at org.springframework.jdbc.datasource.DataSourceUtils.getConnection(DataSourceUtils.java:81)
	... 10 common frames omitted
2026-04-06 00:02:24 [main] INFO  c.l.r.LabRecruitmentApplication - Starting LabRecruitmentApplication using Java 17.0.12 on DESKTOP-BA8OBJV with PID 46220 (C:\Users\cjh\IdeaProjects\labLink\lab\target\classes started by cjh in C:\Users\cjh\IdeaProjects\labLink)
2026-04-06 00:02:24 [main] INFO  c.l.r.LabRecruitmentApplication - No active profile set, falling back to 1 default profile: "default"
2026-04-06 00:02:25 [main] INFO  o.s.b.w.e.tomcat.TomcatWebServer - Tomcat initialized with port(s): 8081 (http)
2026-04-06 00:02:25 [main] INFO  o.a.catalina.core.StandardService - Starting service [Tomcat]
2026-04-06 00:02:25 [main] INFO  o.a.catalina.core.StandardEngine - Starting Servlet engine: [Apache Tomcat/9.0.78]
2026-04-06 00:02:25 [main] INFO  o.a.c.c.C.[Tomcat].[localhost].[/] - Initializing Spring embedded WebApplicationContext
2026-04-06 00:02:25 [main] INFO  o.s.b.w.s.c.ServletWebServerApplicationContext - Root WebApplicationContext: initialization completed in 1088 ms
2026-04-06 00:02:26 [main] INFO  o.s.s.web.DefaultSecurityFilterChain - Will secure any request with [org.springframework.security.web.session.DisableEncodeUrlFilter@66e341e9, org.springframework.security.web.context.request.async.WebAsyncManagerIntegrationFilter@5b48f0f4, org.springframework.security.web.context.SecurityContextPersistenceFilter@37606fee, org.springframework.security.web.header.HeaderWriterFilter@45037e16, org.springframework.web.filter.CorsFilter@546ed2a0, org.springframework.security.web.authentication.logout.LogoutFilter@681061d6, com.lab.recruitment.config.JwtAuthenticationFilter@6ccac6f4, org.springframework.security.web.savedrequest.RequestCacheAwareFilter@48d739f, org.springframework.security.web.servletapi.SecurityContextHolderAwareRequestFilter@51e7589f, org.springframework.security.web.authentication.AnonymousAuthenticationFilter@5bfc79cb, org.springframework.security.web.session.SessionManagementFilter@20349058, org.springframework.security.web.access.ExceptionTranslationFilter@61359e87, org.springframework.security.web.access.intercept.FilterSecurityInterceptor@72c9ebfa]
2026-04-06 00:02:26 [main] INFO  c.b.m.e.s.MybatisPlusApplicationContextAware - Register ApplicationContext instances org.springframework.boot.web.servlet.context.AnnotationConfigServletWebServerApplicationContext@2049a9c1
2026-04-06 00:02:26 [main] INFO  o.s.b.w.e.tomcat.TomcatWebServer - Tomcat started on port(s): 8081 (http) with context path ''
2026-04-06 00:02:26 [main] INFO  c.l.r.LabRecruitmentApplication - Started LabRecruitmentApplication in 2.942 seconds (JVM running for 3.418)
2026-04-06 00:02:26 [main] INFO  com.zaxxer.hikari.HikariDataSource - HikariPool-1 - Starting...
2026-04-06 00:02:26 [main] INFO  com.zaxxer.hikari.HikariDataSource - HikariPool-1 - Start completed.
2026-04-06 00:04:00 [http-nio-8081-exec-1] INFO  o.a.c.c.C.[Tomcat].[localhost].[/] - Initializing Spring DispatcherServlet 'dispatcherServlet'
2026-04-06 00:04:00 [http-nio-8081-exec-1] INFO  o.s.web.servlet.DispatcherServlet - Initializing Servlet 'dispatcherServlet'
2026-04-06 00:04:00 [http-nio-8081-exec-1] INFO  o.s.web.servlet.DispatcherServlet - Completed initialization in 1 ms
